<?xml version="1.0" encoding="UTF-8"?>
<!-- Generated by org.testng.reporters.JUnitReportReporter -->
<testsuite hostname="AR-IT20394" failures="0" tests="1" name="com.selenium.test.OpenCart" time="21.606" errors="0" timestamp="2023-06-11T19:06:55 ART" skipped="0">
  <testcase classname="com.selenium.test.OpenCart" name="Validacion_Tranf_Menu_To_List" time="21.606"/>
  <system-out>
    <![CDATA[Lista de opciones : [[[ChromeDriver: chrome on windows (586f2d4a3a42336b5e5e0182f02d2518)] -> xpath: //ul[@class='nav navbar-nav']/li/a], [[ChromeDriver: chrome on windows (586f2d4a3a42336b5e5e0182f02d2518)] -> xpath: //ul[@class='nav navbar-nav']/li/a], [[ChromeDriver: chrome on windows (586f2d4a3a42336b5e5e0182f02d2518)] -> xpath: //ul[@class='nav navbar-nav']/li/a], [[ChromeDriver: chrome on windows (586f2d4a3a42336b5e5e0182f02d2518)] -> xpath: //ul[@class='nav navbar-nav']/li/a], [[ChromeDriver: chrome on windows (586f2d4a3a42336b5e5e0182f02d2518)] -> xpath: //ul[@class='nav navbar-nav']/li/a], [[ChromeDriver: chrome on windows (586f2d4a3a42336b5e5e0182f02d2518)] -> xpath: //ul[@class='nav navbar-nav']/li/a], [[ChromeDriver: chrome on windows (586f2d4a3a42336b5e5e0182f02d2518)] -> xpath: //ul[@class='nav navbar-nav']/li/a], [[ChromeDriver: chrome on windows (586f2d4a3a42336b5e5e0182f02d2518)] -> xpath: //ul[@class='nav navbar-nav']/li/a]]]]>
  </system-out>
</testsuite> <!-- com.selenium.test.OpenCart -->
