<?xml version="1.0" encoding="UTF-8"?>
<!-- Generated by org.testng.reporters.JUnitReportReporter -->
<testsuite hostname="AR-IT20394" failures="0" tests="1" name="com.selenium.test.OpenCart" time="12.119" errors="0" timestamp="2023-06-23T22:32:23 ART" skipped="0">
  <testcase classname="com.selenium.test.OpenCart" name="Validacion_Tranf_Menu_To_List" time="12.119"/>
  <system-out>
    <![CDATA[Lista de opciones : [[[ChromeDriver: chrome on windows (d990ccaf96f642655b177d8b85bd1926)] -> xpath: //ul[@class='nav navbar-nav']/li/a], [[ChromeDriver: chrome on windows (d990ccaf96f642655b177d8b85bd1926)] -> xpath: //ul[@class='nav navbar-nav']/li/a], [[ChromeDriver: chrome on windows (d990ccaf96f642655b177d8b85bd1926)] -> xpath: //ul[@class='nav navbar-nav']/li/a], [[ChromeDriver: chrome on windows (d990ccaf96f642655b177d8b85bd1926)] -> xpath: //ul[@class='nav navbar-nav']/li/a], [[ChromeDriver: chrome on windows (d990ccaf96f642655b177d8b85bd1926)] -> xpath: //ul[@class='nav navbar-nav']/li/a], [[ChromeDriver: chrome on windows (d990ccaf96f642655b177d8b85bd1926)] -> xpath: //ul[@class='nav navbar-nav']/li/a], [[ChromeDriver: chrome on windows (d990ccaf96f642655b177d8b85bd1926)] -> xpath: //ul[@class='nav navbar-nav']/li/a], [[ChromeDriver: chrome on windows (d990ccaf96f642655b177d8b85bd1926)] -> xpath: //ul[@class='nav navbar-nav']/li/a]]]]>
  </system-out>
</testsuite> <!-- com.selenium.test.OpenCart -->
